🔒 Starting Immich backup...
Source: /home/joako/immich
Destination: /home/joako/bkps/immich_backup_20251022_040002.tar.gz.gpg
tar: Removing leading `/' from member names
✅ Immich backup completed: /home/joako/bkps/immich_backup_20251022_040002.tar.gz.gpg
🔒 Starting Immich backup...
Source: /home/joako/immich
Destination: /home/joako/bkps/immich_backup_20251025_040001.tar.gz.gpg
tar: Removing leading `/' from member names
✅ Immich backup completed: /home/joako/bkps/immich_backup_20251025_040001.tar.gz.gpg
🔒 Starting Immich backup...
Source: /home/joako/immich
Destination: /home/joako/bkps/immich_backup_20251029_040001.tar.gz.gpg
tar: Removing leading `/' from member names
✅ Immich backup completed: /home/joako/bkps/immich_backup_20251029_040001.tar.gz.gpg
🔒 Starting Immich backup...
Source: /home/joako/immich
Destination: /home/joako/bkps/immich_backup_20251101_040001.tar.gz.gpg
tar: Removing leading `/' from member names
✅ Immich backup completed: /home/joako/bkps/immich_backup_20251101_040001.tar.gz.gpg
🔒 Starting Immich backup...
Source: /home/joako/immich
Destination: /home/joako/bkps/immich_backup_20251105_040001.tar.gz.gpg
tar: Removing leading `/' from member names
✅ Immich backup completed: /home/joako/bkps/immich_backup_20251105_040001.tar.gz.gpg
🔒 Starting Immich backup...
Source: /home/joako/immich
Destination: /home/joako/bkps/immich_backup_20251108_040001.tar.gz.gpg
tar: Removing leading `/' from member names
✅ Immich backup completed: /home/joako/bkps/immich_backup_20251108_040001.tar.gz.gpg
🔒 Starting Immich backup...
Source: /home/joako/immich
Destination: /home/joako/bkps/immich_backup_20251112_040001.tar.gz.gpg
tar: Removing leading `/' from member names
✅ Immich backup completed: /home/joako/bkps/immich_backup_20251112_040001.tar.gz.gpg
🔒 Starting Immich backup...
Source: /home/joako/immich
Destination: /home/joako/bkps/immich_backup_20251115_040001.tar.gz.gpg
tar: Removing leading `/' from member names
✅ Immich backup completed: /home/joako/bkps/immich_backup_20251115_040001.tar.gz.gpg
🔒 Starting Immich backup...
Source: /home/joako/immich
Destination: /home/joako/bkps/immich_backup_20251119_040001.tar.gz.gpg
tar: Removing leading `/' from member names
✅ Immich backup completed: /home/joako/bkps/immich_backup_20251119_040001.tar.gz.gpg
🔒 Starting Immich backup...
Source: /home/joako/immich
Destination: /home/joako/bkps/immich_backup_20251122_040001.tar.gz.gpg
tar: Removing leading `/' from member names
✅ Immich backup completed: /home/joako/bkps/immich_backup_20251122_040001.tar.gz.gpg
🔒 Starting Immich backup...
Source: /home/joako/immich
Destination: /home/joako/bkps/immich_backup_20251126_040001.tar.gz.gpg
tar: Removing leading `/' from member names
✅ Immich backup completed: /home/joako/bkps/immich_backup_20251126_040001.tar.gz.gpg
🔒 Starting Immich backup...
Source: /home/joako/immich
Destination: /home/joako/bkps/immich_backup_20251129_040001.tar.gz.gpg
tar: Removing leading `/' from member names
✅ Immich backup completed: /home/joako/bkps/immich_backup_20251129_040001.tar.gz.gpg
🔒 Starting Immich backup...
Source: /home/joako/immich
Destination: /home/joako/bkps/immich_backup_20251203_040001.tar.gz.gpg
tar: Removing leading `/' from member names
✅ Immich backup completed: /home/joako/bkps/immich_backup_20251203_040001.tar.gz.gpg
🔒 Starting Immich backup...
Source: /home/joako/immich
Destination: /home/joako/bkps/immich_backup_20251206_040001.tar.gz.gpg
tar: Removing leading `/' from member names
✅ Immich backup completed: /home/joako/bkps/immich_backup_20251206_040001.tar.gz.gpg
🔒 Starting Immich backup...
Source: /home/joako/immich
Destination: /home/joako/bkps/immich_backup_20251210_040002.tar.gz.gpg
tar: Removing leading `/' from member names
✅ Immich backup completed: /home/joako/bkps/immich_backup_20251210_040002.tar.gz.gpg
🔒 Starting Immich backup...
Source: /home/joako/immich
Destination: /home/joako/bkps/immich_backup_20251213_040001.tar.gz.gpg
tar: Removing leading `/' from member names
✅ Immich backup completed: /home/joako/bkps/immich_backup_20251213_040001.tar.gz.gpg
🔒 Starting Immich backup...
Source: /home/joako/immich
Destination: /home/joako/bkps/immich_backup_20251217_040001.tar.gz.gpg
tar: Removing leading `/' from member names
✅ Immich backup completed: /home/joako/bkps/immich_backup_20251217_040001.tar.gz.gpg
🔒 Starting Immich backup...
Source: /home/joako/immich
Destination: /home/joako/bkps/immich_backup_20251220_040001.tar.gz.gpg
tar: Removing leading `/' from member names
✅ Immich backup completed: /home/joako/bkps/immich_backup_20251220_040001.tar.gz.gpg
🔒 Starting Immich backup...
Source: /home/joako/immich
Destination: /home/joako/bkps/immich_backup_20251224_040001.tar.gz.gpg
tar: Removing leading `/' from member names
✅ Immich backup completed: /home/joako/bkps/immich_backup_20251224_040001.tar.gz.gpg
🔒 Starting Immich backup...
Source: /home/joako/immich
Destination: /home/joako/bkps/immich_backup_20251227_040001.tar.gz.gpg
tar: Removing leading `/' from member names
✅ Immich backup completed: /home/joako/bkps/immich_backup_20251227_040001.tar.gz.gpg
🔒 Starting Immich backup...
Source: /home/joako/immich
Destination: /home/joako/bkps/immich_backup_20251231_040001.tar.gz.gpg
tar: Removing leading `/' from member names
✅ Immich backup completed: /home/joako/bkps/immich_backup_20251231_040001.tar.gz.gpg
🔒 Starting Immich backup...
Source: /home/joako/immich
Destination: /home/joako/bkps/immich_backup_20260103_040001.tar.gz.gpg
tar: Removing leading `/' from member names
✅ Immich backup completed: /home/joako/bkps/immich_backup_20260103_040001.tar.gz.gpg
🔒 Starting Immich backup...
Source: /home/joako/immich
Destination: /home/joako/bkps/immich_backup_20260107_040001.tar.gz.gpg
tar: Removing leading `/' from member names
✅ Immich backup completed: /home/joako/bkps/immich_backup_20260107_040001.tar.gz.gpg
🔒 Starting Immich backup...
Source: /home/joako/immich
Destination: /home/joako/bkps/immich_backup_20260110_040001.tar.gz.gpg
tar: Removing leading `/' from member names
✅ Immich backup completed: /home/joako/bkps/immich_backup_20260110_040001.tar.gz.gpg
🔒 Starting Immich backup...
Source: /home/joako/immich
Destination: /home/joako/bkps/immich_backup_20260114_040001.tar.gz.gpg
tar: Removing leading `/' from member names
✅ Immich backup completed: /home/joako/bkps/immich_backup_20260114_040001.tar.gz.gpg
🔒 Starting Immich backup...
Source: /home/joako/immich
Destination: /home/joako/bkps/immich_backup_20260117_040001.tar.gz.gpg
tar: Removing leading `/' from member names
✅ Immich backup completed: /home/joako/bkps/immich_backup_20260117_040001.tar.gz.gpg
🔒 Starting Immich backup...
Source: /home/joako/immich
Destination: /home/joako/bkps/immich_backup_20260121_040001.tar.gz.gpg
tar: Removing leading `/' from member names
✅ Immich backup completed: /home/joako/bkps/immich_backup_20260121_040001.tar.gz.gpg
🔒 Starting Immich backup...
Source: /home/joako/immich
Destination: /home/joako/bkps/immich_backup_20260124_040001.tar.gz.gpg
tar: Removing leading `/' from member names
✅ Immich backup completed: /home/joako/bkps/immich_backup_20260124_040001.tar.gz.gpg
🔒 Starting Immich backup...
Source: /home/joako/immich
Destination: /home/joako/bkps/immich_backup_20260128_040001.tar.gz.gpg
tar: Removing leading `/' from member names
✅ Immich backup completed: /home/joako/bkps/immich_backup_20260128_040001.tar.gz.gpg
🔒 Starting Immich backup...
Source: /home/joako/immich
Destination: /home/joako/bkps/immich_backup_20260131_040001.tar.gz.gpg
tar: Removing leading `/' from member names
✅ Immich backup completed: /home/joako/bkps/immich_backup_20260131_040001.tar.gz.gpg
🔒 Starting Immich backup...
Source: /home/joako/immich
Destination: /home/joako/bkps/immich_backup_20260204_040001.tar.gz.gpg
tar: Removing leading `/' from member names
✅ Immich backup completed: /home/joako/bkps/immich_backup_20260204_040001.tar.gz.gpg
🔒 Starting Immich backup...
Source: /home/joako/immich
Destination: /home/joako/bkps/immich_backup_20260207_040001.tar.gz.gpg
tar: Removing leading `/' from member names
✅ Immich backup completed: /home/joako/bkps/immich_backup_20260207_040001.tar.gz.gpg
🔒 Starting Immich backup...
Source: /home/joako/immich
Destination: /home/joako/bkps/immich_backup_20260211_040001.tar.gz.gpg
tar: Removing leading `/' from member names
✅ Immich backup completed: /home/joako/bkps/immich_backup_20260211_040001.tar.gz.gpg
🔒 Starting Immich backup...
Source: /home/joako/immich
Destination: /home/joako/bkps/immich_backup_20260214_040001.tar.gz.gpg
tar: Removing leading `/' from member names
✅ Immich backup completed: /home/joako/bkps/immich_backup_20260214_040001.tar.gz.gpg
🔒 Starting Immich backup...
Source: /home/joako/immich
Destination: /home/joako/bkps/immich_backup_20260218_040001.tar.gz.gpg
tar: Removing leading `/' from member names
✅ Immich backup completed: /home/joako/bkps/immich_backup_20260218_040001.tar.gz.gpg
🔒 Starting Immich backup...
Source: /home/joako/immich
Destination: /home/joako/bkps/immich_backup_20260221_040001.tar.gz.gpg
tar: Removing leading `/' from member names
✅ Immich backup completed: /home/joako/bkps/immich_backup_20260221_040001.tar.gz.gpg
🔒 Starting Immich backup...
Source: /home/joako/immich
Destination: /home/joako/bkps/immich_backup_20260225_040001.tar.gz.gpg
tar: Removing leading `/' from member names
✅ Immich backup completed: /home/joako/bkps/immich_backup_20260225_040001.tar.gz.gpg
🔒 Starting Immich backup...
Source: /home/joako/immich
Destination: /home/joako/bkps/immich_backup_20260228_040001.tar.gz.gpg
tar: Removing leading `/' from member names
✅ Immich backup completed: /home/joako/bkps/immich_backup_20260228_040001.tar.gz.gpg
🔒 Starting Immich backup...
Source: /home/joako/immich
Destination: /home/joako/bkps/immich_backup_20260304_040001.tar.gz.gpg
tar: Removing leading `/' from member names
✅ Immich backup completed: /home/joako/bkps/immich_backup_20260304_040001.tar.gz.gpg
🔒 Starting Immich backup...
Source: /home/joako/immich
Destination: /home/joako/bkps/immich_backup_20260307_040001.tar.gz.gpg
tar: Removing leading `/' from member names
✅ Immich backup completed: /home/joako/bkps/immich_backup_20260307_040001.tar.gz.gpg
🔒 Starting Immich backup...
Source: /home/joako/immich
Destination: /home/joako/bkps/immich_backup_20260311_040001.tar.gz.gpg
tar: Removing leading `/' from member names
✅ Immich backup completed: /home/joako/bkps/immich_backup_20260311_040001.tar.gz.gpg
🔒 Starting Immich backup...
Source: /home/joako/immich
Destination: /home/joako/bkps/immich_backup_20260314_040001.tar.gz.gpg
tar: Removing leading `/' from member names
✅ Immich backup completed: /home/joako/bkps/immich_backup_20260314_040001.tar.gz.gpg
🔒 Starting Immich backup...
Source: /home/joako/immich
Destination: /home/joako/bkps/immich_backup_20260318_040001.tar.gz.gpg
tar: Removing leading `/' from member names
✅ Immich backup completed: /home/joako/bkps/immich_backup_20260318_040001.tar.gz.gpg
🔒 Starting Immich backup...
Source: /home/joako/immich
Destination: /home/joako/bkps/immich_backup_20260321_040001.tar.gz.gpg
tar: Removing leading `/' from member names
✅ Immich backup completed: /home/joako/bkps/immich_backup_20260321_040001.tar.gz.gpg
