Usage:
  /home/joako/dockerfiles/backup.sh homepage {zip|unzip}
  /home/joako/dockerfiles/backup.sh paperless
  /home/joako/dockerfiles/backup.sh immich
  /home/joako/dockerfiles/backup.sh proxy {zip|unzip}
🔒 Creating encrypted Proxy Manager backup at /home/joako/gdrivebkp/npm_backup_20251018.zip.gpg...
  adding: data/ (stored 0%)
  adding: data/nginx/ (stored 0%)
  adding: data/nginx/default_www/ (stored 0%)
  adding: data/nginx/stream/ (stored 0%)
  adding: data/nginx/temp/ (stored 0%)
  adding: data/nginx/proxy_host/ (stored 0%)
  adding: data/nginx/proxy_host/5.conf (deflated 59%)
  adding: data/nginx/proxy_host/3.conf (deflated 59%)
  adding: data/nginx/proxy_host/1.conf (deflated 60%)
  adding: data/nginx/proxy_host/11.conf (deflated 60%)
  adding: data/nginx/proxy_host/2.conf (deflated 60%)
  adding: data/nginx/proxy_host/12.conf (deflated 58%)
  adding: data/nginx/proxy_host/10.conf (deflated 59%)
  adding: data/nginx/proxy_host/7.conf (deflated 59%)
  adding: data/nginx/proxy_host/13.conf (deflated 59%)
  adding: data/nginx/proxy_host/test.conf (deflated -199%)
  adding: data/nginx/proxy_host/6.conf (deflated 60%)
  adding: data/nginx/proxy_host/4.conf (deflated 59%)
  adding: data/nginx/proxy_host/8.conf (deflated 59%)
  adding: data/nginx/proxy_host/14.conf (deflated 60%)
  adding: data/nginx/dead_host/ (stored 0%)
  adding: data/nginx/default_host/ (stored 0%)
  adding: data/nginx/redirection_host/ (stored 0%)
  adding: data/custom_ssl/ (stored 0%)
  adding: data/logs/ (stored 0%)
  adding: data/logs/proxy-host-3_access.log.3.gz (deflated 0%)
  adding: data/logs/proxy-host-13_access.log (deflated 98%)
  adding: data/logs/proxy-host-3_access.log.1.gz (deflated 2%)
  adding: data/logs/proxy-host-4_access.log (stored 0%)
  adding: data/logs/proxy-host-2_access.log.4.gz (deflated 0%)
  adding: data/logs/fallback_error.log.9.gz (deflated -1%)
  adding: data/logs/proxy-host-9_access.log.1.gz (deflated -1%)
  adding: data/logs/proxy-host-6_error.log (stored 0%)
  adding: data/logs/proxy-host-13_access.log.1.gz (deflated 0%)
  adding: data/logs/proxy-host-11_access.log.3.gz (deflated 0%)
  adding: data/logs/fallback_error.log.6.gz (deflated -1%)
  adding: data/logs/fallback_error.log.7.gz (deflated -1%)
  adding: data/logs/proxy-host-3_error.log (deflated 34%)
  adding: data/logs/fallback_access.log (stored 0%)
  adding: data/logs/proxy-host-8_error.log.2.gz (deflated 0%)
  adding: data/logs/proxy-host-2_access.log.3.gz (deflated 0%)
  adding: data/logs/proxy-host-12_access.log.4.gz (deflated 8%)
  adding: data/logs/proxy-host-9_error.log (stored 0%)
  adding: data/logs/proxy-host-1_access.log (deflated 96%)
  adding: data/logs/fallback_error.log.2.gz (deflated 0%)
  adding: data/logs/proxy-host-12_error.log.4.gz (deflated -1%)
  adding: data/logs/proxy-host-8_error.log (stored 0%)
  adding: data/logs/proxy-host-12_error.log.6.gz (deflated -1%)
  adding: data/logs/proxy-host-1_access.log.1.gz (deflated 3%)
  adding: data/logs/proxy-host-9_access.log.2.gz (deflated 0%)
  adding: data/logs/proxy-host-4_access.log.1.gz (deflated 42%)
  adding: data/logs/proxy-host-5_error.log (stored 0%)
  adding: data/logs/fallback_error.log.1.gz (deflated 0%)
  adding: data/logs/proxy-host-1_error.log.5.gz (deflated -1%)
  adding: data/logs/proxy-host-5_access.log.4.gz (deflated 0%)
  adding: data/logs/proxy-host-11_error.log.1.gz (deflated -1%)
  adding: data/logs/proxy-host-5_access.log.3.gz (deflated 0%)
  adding: data/logs/proxy-host-2_access.log.2.gz (deflated 3%)
  adding: data/logs/proxy-host-3_access.log.2.gz (deflated 0%)
  adding: data/logs/proxy-host-8_access.log.4.gz (deflated 0%)
  adding: data/logs/proxy-host-8_error.log.3.gz (deflated 2%)
  adding: data/logs/proxy-host-9_access.log.4.gz (deflated -1%)
  adding: data/logs/proxy-host-7_access.log (stored 0%)
  adding: data/logs/proxy-host-6_access.log (stored 0%)
  adding: data/logs/proxy-host-11_access.log.4.gz (deflated 0%)
  adding: data/logs/proxy-host-7_error.log (stored 0%)
  adding: data/logs/proxy-host-3_access.log.4.gz (deflated 0%)
  adding: data/logs/proxy-host-4_access.log.4.gz (deflated 0%)
  adding: data/logs/proxy-host-2_error.log (stored 0%)
  adding: data/logs/proxy-host-2_access.log (deflated 97%)
  adding: data/logs/proxy-host-12_error.log.10.gz (deflated -1%)
  adding: data/logs/proxy-host-2_error.log.2.gz (deflated 0%)
  adding: data/logs/proxy-host-14_access.log.2.gz (deflated 0%)
  adding: data/logs/proxy-host-10_access.log (stored 0%)
  adding: data/logs/proxy-host-8_access.log.1.gz (deflated 1%)
  adding: data/logs/proxy-host-12_access.log.2.gz (deflated 5%)
  adding: data/logs/proxy-host-1_access.log.3.gz (deflated 0%)
  adding: data/logs/proxy-host-4_access.log.2.gz (deflated -1%)
  adding: data/logs/proxy-host-10_error.log (stored 0%)
  adding: data/logs/proxy-host-8_access.log.3.gz (deflated 0%)
  adding: data/logs/proxy-host-5_access.log.2.gz (deflated 1%)
  adding: data/logs/proxy-host-13_access.log.3.gz (deflated 0%)
  adding: data/logs/fallback_error.log.10.gz (deflated 60%)
  adding: data/logs/proxy-host-12_error.log (deflated 88%)
  adding: data/logs/proxy-host-12_access.log.1.gz (deflated 5%)
  adding: data/logs/proxy-host-2_access.log.1.gz (deflated 1%)
  adding: data/logs/proxy-host-11_access.log.1.gz (deflated 0%)
  adding: data/logs/proxy-host-2_error.log.1.gz (deflated -1%)
  adding: data/logs/proxy-host-13_access.log.2.gz (deflated 0%)
  adding: data/logs/proxy-host-1_error.log.4.gz (deflated -1%)
  adding: data/logs/proxy-host-12_error.log.2.gz (deflated 0%)
  adding: data/logs/proxy-host-1_access.log.2.gz (deflated 0%)
  adding: data/logs/proxy-host-4_error.log (stored 0%)
  adding: data/logs/proxy-host-1_error.log.1.gz (deflated 0%)
  adding: data/logs/proxy-host-1_access.log.4.gz (deflated 0%)
  adding: data/logs/fallback_error.log (deflated 90%)
  adding: data/logs/proxy-host-5_access.log (deflated 97%)
  adding: data/logs/proxy-host-8_access.log.2.gz (deflated 5%)
  adding: data/logs/proxy-host-12_error.log.8.gz (deflated -1%)
  adding: data/logs/proxy-host-13_access.log.4.gz (deflated 0%)
  adding: data/logs/fallback_error.log.5.gz (deflated -1%)
  adding: data/logs/fallback_access.log.1.gz (deflated 0%)
  adding: data/logs/proxy-host-11_error.log.2.gz (deflated -1%)
  adding: data/logs/proxy-host-12_error.log.3.gz (deflated -1%)
  adding: data/logs/proxy-host-12_error.log.1.gz (deflated 0%)
  adding: data/logs/fallback_error.log.4.gz (deflated -1%)
  adding: data/logs/proxy-host-12_error.log.9.gz (deflated 0%)
  adding: data/logs/proxy-host-13_error.log (stored 0%)
  adding: data/logs/proxy-host-12_access.log.3.gz (deflated 9%)
  adding: data/logs/proxy-host-14_access.log.1.gz (deflated 0%)
  adding: data/logs/proxy-host-11_access.log (stored 0%)
  adding: data/logs/proxy-host-3_error.log.1.gz (deflated 3%)
  adding: data/logs/proxy-host-10_access.log.1.gz (deflated -1%)
  adding: data/logs/proxy-host-11_access.log.2.gz (deflated 0%)
  adding: data/logs/proxy-host-12_error.log.5.gz (deflated -1%)
  adding: data/logs/proxy-host-12_error.log.7.gz (deflated 0%)
  adding: data/logs/fallback_error.log.3.gz (deflated -1%)
  adding: data/logs/proxy-host-11_error.log (stored 0%)
  adding: data/logs/proxy-host-3_error.log.2.gz (deflated 0%)
  adding: data/logs/proxy-host-1_error.log (stored 0%)
  adding: data/logs/proxy-host-8_access.log (deflated 97%)
  adding: data/logs/proxy-host-4_access.log.3.gz (deflated 0%)
  adding: data/logs/proxy-host-6_access.log.1.gz (deflated 0%)
  adding: data/logs/proxy-host-3_access.log (deflated 97%)
  adding: data/logs/proxy-host-12_access.log (deflated 98%)
  adding: data/logs/proxy-host-9_access.log.3.gz (deflated 0%)
  adding: data/logs/proxy-host-8_error.log.1.gz (deflated 0%)
  adding: data/logs/proxy-host-1_error.log.3.gz (deflated 0%)
  adding: data/logs/proxy-host-5_access.log.1.gz (deflated 0%)
  adding: data/logs/proxy-host-14_access.log (stored 0%)
  adding: data/logs/proxy-host-9_access.log (stored 0%)
  adding: data/logs/proxy-host-14_error.log (stored 0%)
  adding: data/logs/fallback_error.log.8.gz (deflated -1%)
  adding: data/logs/proxy-host-1_error.log.2.gz (deflated -1%)
  adding: data/keys.json (deflated 35%)
  adding: data/database.sqlite (deflated 94%)
  adding: data/access/ (stored 0%)
  adding: data/letsencrypt-acme-challenge/ (stored 0%)
  adding: letsencrypt/ (stored 0%)
  adding: letsencrypt/renewal/ (stored 0%)
  adding: letsencrypt/renewal/npm-3.conf (deflated 52%)
  adding: letsencrypt/renewal/npm-2.conf (deflated 52%)
  adding: letsencrypt/accounts/ (stored 0%)
  adding: letsencrypt/accounts/acme-v02.api.letsencrypt.org/ (stored 0%)
  adding: letsencrypt/accounts/acme-v02.api.letsencrypt.org/directory/ (stored 0%)
  adding: letsencrypt/accounts/acme-v02.api.letsencrypt.org/directory/0cbc294e0cd42466b499dfd05c228a61/ (stored 0%)
  adding: letsencrypt/accounts/acme-v02.api.letsencrypt.org/directory/0cbc294e0cd42466b499dfd05c228a61/meta.json (deflated 14%)
  adding: letsencrypt/accounts/acme-v02.api.letsencrypt.org/directory/0cbc294e0cd42466b499dfd05c228a61/regr.json (deflated 5%)
  adding: letsencrypt/accounts/acme-v02.api.letsencrypt.org/directory/0cbc294e0cd42466b499dfd05c228a61/private_key.json (deflated 23%)
  adding: letsencrypt/renewal-hooks/ (stored 0%)
  adding: letsencrypt/renewal-hooks/post/ (stored 0%)
  adding: letsencrypt/renewal-hooks/deploy/ (stored 0%)
  adding: letsencrypt/renewal-hooks/pre/ (stored 0%)
  adding: letsencrypt/credentials/ (stored 0%)
  adding: letsencrypt/credentials/credentials-2 (deflated 10%)
  adding: letsencrypt/credentials/credentials-3 (deflated 10%)
  adding: letsencrypt/live/ (stored 0%)
  adding: letsencrypt/live/README (deflated 42%)
  adding: letsencrypt/live/npm-3/ (stored 0%)
  adding: letsencrypt/live/npm-3/README (deflated 40%)
  adding: letsencrypt/live/npm-3/fullchain.pem (deflated 33%)
  adding: letsencrypt/live/npm-3/cert.pem (deflated 29%)
  adding: letsencrypt/live/npm-3/chain.pem (deflated 25%)
  adding: letsencrypt/live/npm-3/privkey.pem (deflated 18%)
  adding: letsencrypt/live/npm-1/ (stored 0%)
  adding: letsencrypt/live/npm-1/README (deflated 40%)
  adding: letsencrypt/live/npm-1/fullchain.pem (deflated 32%)
  adding: letsencrypt/live/npm-1/cert.pem (deflated 28%)
  adding: letsencrypt/live/npm-1/chain.pem (deflated 25%)
  adding: letsencrypt/live/npm-1/privkey.pem (deflated 17%)
  adding: letsencrypt/archive/ (stored 0%)
  adding: letsencrypt/archive/npm-3/ (stored 0%)
  adding: letsencrypt/archive/npm-3/fullchain1.pem (deflated 33%)
  adding: letsencrypt/archive/npm-3/chain1.pem (deflated 25%)
  adding: letsencrypt/archive/npm-3/cert1.pem (deflated 29%)
  adding: letsencrypt/archive/npm-3/privkey1.pem (deflated 18%)
  adding: letsencrypt/archive/npm-2/ (stored 0%)
  adding: letsencrypt/archive/npm-2/fullchain1.pem (deflated 32%)
  adding: letsencrypt/archive/npm-2/chain1.pem (deflated 25%)
  adding: letsencrypt/archive/npm-2/cert1.pem (deflated 28%)
  adding: letsencrypt/archive/npm-2/privkey1.pem (deflated 17%)
✅ Proxy Manager backup complete.
